2026-03-27 14:42:29,841 [INFO] __main__: 🛰️ Iniciando Orion Bot...
2026-03-27 14:42:30,973 [INFO] __main__: ✅ Handlers registrados. Bot rodando...
2026-03-27 14:42:34,126 [INFO] httpx: HTTP Request: POST https://api.telegram.org/bot8671153150:AAG_KgzQBkThl_-1ZWwXcJj7e1EBfPci634/getMe "HTTP/1.1 200 OK"
2026-03-27 14:42:34,366 [INFO] httpx: HTTP Request: POST https://api.telegram.org/bot8671153150:AAG_KgzQBkThl_-1ZWwXcJj7e1EBfPci634/deleteWebhook "HTTP/1.1 200 OK"
2026-03-27 14:42:34,369 [INFO] telegram.ext.Application: Application started
2026-03-27 14:42:45,483 [INFO] httpx: HTTP Request: POST https://api.telegram.org/bot8671153150:AAG_KgzQBkThl_-1ZWwXcJj7e1EBfPci634/getUpdates "HTTP/1.1 200 OK"
2026-03-27 14:42:55,731 [INFO] httpx: HTTP Request: POST https://api.telegram.org/bot8671153150:AAG_KgzQBkThl_-1ZWwXcJj7e1EBfPci634/getUpdates "HTTP/1.1 200 OK"
2026-03-27 14:43:05,985 [INFO] httpx: HTTP Request: POST https://api.telegram.org/bot8671153150:AAG_KgzQBkThl_-1ZWwXcJj7e1EBfPci634/getUpdates "HTTP/1.1 200 OK"
2026-03-27 14:43:08,543 [INFO] httpx: HTTP Request: POST https://api.telegram.org/bot8671153150:AAG_KgzQBkThl_-1ZWwXcJj7e1EBfPci634/getUpdates "HTTP/1.1 200 OK"
2026-03-27 14:43:09,866 [INFO] httpx: HTTP Request: POST https://api.telegram.org/bot8671153150:AAG_KgzQBkThl_-1ZWwXcJj7e1EBfPci634/sendMessage "HTTP/1.1 200 OK"
2026-03-27 14:43:18,799 [INFO] httpx: HTTP Request: POST https://api.telegram.org/bot8671153150:AAG_KgzQBkThl_-1ZWwXcJj7e1EBfPci634/getUpdates "HTTP/1.1 200 OK"
2026-03-27 14:43:29,053 [INFO] httpx: HTTP Request: POST https://api.telegram.org/bot8671153150:AAG_KgzQBkThl_-1ZWwXcJj7e1EBfPci634/getUpdates "HTTP/1.1 200 OK"
2026-03-27 14:43:39,304 [INFO] httpx: HTTP Request: POST https://api.telegram.org/bot8671153150:AAG_KgzQBkThl_-1ZWwXcJj7e1EBfPci634/getUpdates "HTTP/1.1 200 OK"
2026-03-27 14:43:49,554 [INFO] httpx: HTTP Request: POST https://api.telegram.org/bot8671153150:AAG_KgzQBkThl_-1ZWwXcJj7e1EBfPci634/getUpdates "HTTP/1.1 200 OK"
2026-03-27 14:43:59,802 [INFO] httpx: HTTP Request: POST https://api.telegram.org/bot8671153150:AAG_KgzQBkThl_-1ZWwXcJj7e1EBfPci634/getUpdates "HTTP/1.1 200 OK"
2026-03-27 14:44:10,053 [INFO] httpx: HTTP Request: POST https://api.telegram.org/bot8671153150:AAG_KgzQBkThl_-1ZWwXcJj7e1EBfPci634/getUpdates "HTTP/1.1 200 OK"
2026-03-27 14:44:15,709 [INFO] httpx: HTTP Request: POST https://api.telegram.org/bot8671153150:AAG_KgzQBkThl_-1ZWwXcJj7e1EBfPci634/getUpdates "HTTP/1.1 200 OK"
2026-03-27 14:44:18,162 [INFO] httpx: HTTP Request: POST https://api.telegram.org/bot8671153150:AAG_KgzQBkThl_-1ZWwXcJj7e1EBfPci634/sendMessage "HTTP/1.1 200 OK"
2026-03-27 14:44:26,371 [INFO] httpx: HTTP Request: POST https://api.telegram.org/bot8671153150:AAG_KgzQBkThl_-1ZWwXcJj7e1EBfPci634/getUpdates "HTTP/1.1 200 OK"
2026-03-27 14:44:36,620 [INFO] httpx: HTTP Request: POST https://api.telegram.org/bot8671153150:AAG_KgzQBkThl_-1ZWwXcJj7e1EBfPci634/getUpdates "HTTP/1.1 200 OK"
2026-03-27 14:44:46,869 [INFO] httpx: HTTP Request: POST https://api.telegram.org/bot8671153150:AAG_KgzQBkThl_-1ZWwXcJj7e1EBfPci634/getUpdates "HTTP/1.1 200 OK"
2026-03-27 14:44:57,123 [INFO] httpx: HTTP Request: POST https://api.telegram.org/bot8671153150:AAG_KgzQBkThl_-1ZWwXcJj7e1EBfPci634/getUpdates "HTTP/1.1 200 OK"
2026-03-27 14:45:07,371 [INFO] httpx: HTTP Request: POST https://api.telegram.org/bot8671153150:AAG_KgzQBkThl_-1ZWwXcJj7e1EBfPci634/getUpdates "HTTP/1.1 200 OK"
2026-03-27 14:45:17,621 [INFO] httpx: HTTP Request: POST https://api.telegram.org/bot8671153150:AAG_KgzQBkThl_-1ZWwXcJj7e1EBfPci634/getUpdates "HTTP/1.1 200 OK"
2026-03-27 14:45:27,869 [INFO] httpx: HTTP Request: POST https://api.telegram.org/bot8671153150:AAG_KgzQBkThl_-1ZWwXcJj7e1EBfPci634/getUpdates "HTTP/1.1 200 OK"
2026-03-27 14:45:38,117 [INFO] httpx: HTTP Request: POST https://api.telegram.org/bot8671153150:AAG_KgzQBkThl_-1ZWwXcJj7e1EBfPci634/getUpdates "HTTP/1.1 200 OK"
2026-03-27 14:45:43,188 [INFO] httpx: HTTP Request: POST https://api.telegram.org/bot8671153150:AAG_KgzQBkThl_-1ZWwXcJj7e1EBfPci634/getUpdates "HTTP/1.1 200 OK"
2026-03-27 14:45:44,936 [INFO] httpx: HTTP Request: POST https://api.telegram.org/bot8671153150:AAG_KgzQBkThl_-1ZWwXcJj7e1EBfPci634/sendMessage "HTTP/1.1 200 OK"
2026-03-27 14:45:53,502 [INFO] httpx: HTTP Request: POST https://api.telegram.org/bot8671153150:AAG_KgzQBkThl_-1ZWwXcJj7e1EBfPci634/getUpdates "HTTP/1.1 200 OK"
2026-03-27 14:46:03,751 [INFO] httpx: HTTP Request: POST https://api.telegram.org/bot8671153150:AAG_KgzQBkThl_-1ZWwXcJj7e1EBfPci634/getUpdates "HTTP/1.1 200 OK"
2026-03-27 14:46:14,003 [INFO] httpx: HTTP Request: POST https://api.telegram.org/bot8671153150:AAG_KgzQBkThl_-1ZWwXcJj7e1EBfPci634/getUpdates "HTTP/1.1 200 OK"
2026-03-27 14:46:24,259 [INFO] httpx: HTTP Request: POST https://api.telegram.org/bot8671153150:AAG_KgzQBkThl_-1ZWwXcJj7e1EBfPci634/getUpdates "HTTP/1.1 200 OK"
2026-03-27 14:46:34,514 [INFO] httpx: HTTP Request: POST https://api.telegram.org/bot8671153150:AAG_KgzQBkThl_-1ZWwXcJj7e1EBfPci634/getUpdates "HTTP/1.1 200 OK"
2026-03-27 14:46:44,763 [INFO] httpx: HTTP Request: POST https://api.telegram.org/bot8671153150:AAG_KgzQBkThl_-1ZWwXcJj7e1EBfPci634/getUpdates "HTTP/1.1 200 OK"
2026-03-27 14:46:55,013 [INFO] httpx: HTTP Request: POST https://api.telegram.org/bot8671153150:AAG_KgzQBkThl_-1ZWwXcJj7e1EBfPci634/getUpdates "HTTP/1.1 200 OK"
2026-03-27 14:47:05,265 [INFO] httpx: HTTP Request: POST https://api.telegram.org/bot8671153150:AAG_KgzQBkThl_-1ZWwXcJj7e1EBfPci634/getUpdates "HTTP/1.1 200 OK"
2026-03-27 14:47:15,516 [INFO] httpx: HTTP Request: POST https://api.telegram.org/bot8671153150:AAG_KgzQBkThl_-1ZWwXcJj7e1EBfPci634/getUpdates "HTTP/1.1 200 OK"
2026-03-27 14:47:25,770 [INFO] httpx: HTTP Request: POST https://api.telegram.org/bot8671153150:AAG_KgzQBkThl_-1ZWwXcJj7e1EBfPci634/getUpdates "HTTP/1.1 200 OK"
2026-03-27 14:47:36,017 [INFO] httpx: HTTP Request: POST https://api.telegram.org/bot8671153150:AAG_KgzQBkThl_-1ZWwXcJj7e1EBfPci634/getUpdates "HTTP/1.1 200 OK"
2026-03-27 14:47:46,266 [INFO] httpx: HTTP Request: POST https://api.telegram.org/bot8671153150:AAG_KgzQBkThl_-1ZWwXcJj7e1EBfPci634/getUpdates "HTTP/1.1 200 OK"
2026-03-27 14:47:56,513 [INFO] httpx: HTTP Request: POST https://api.telegram.org/bot8671153150:AAG_KgzQBkThl_-1ZWwXcJj7e1EBfPci634/getUpdates "HTTP/1.1 200 OK"
2026-03-27 14:48:06,759 [INFO] httpx: HTTP Request: POST https://api.telegram.org/bot8671153150:AAG_KgzQBkThl_-1ZWwXcJj7e1EBfPci634/getUpdates "HTTP/1.1 200 OK"
2026-03-27 14:48:17,006 [INFO] httpx: HTTP Request: POST https://api.telegram.org/bot8671153150:AAG_KgzQBkThl_-1ZWwXcJj7e1EBfPci634/getUpdates "HTTP/1.1 200 OK"
2026-03-27 14:48:27,253 [INFO] httpx: HTTP Request: POST https://api.telegram.org/bot8671153150:AAG_KgzQBkThl_-1ZWwXcJj7e1EBfPci634/getUpdates "HTTP/1.1 200 OK"
2026-03-27 14:48:37,501 [INFO] httpx: HTTP Request: POST https://api.telegram.org/bot8671153150:AAG_KgzQBkThl_-1ZWwXcJj7e1EBfPci634/getUpdates "HTTP/1.1 200 OK"
2026-03-27 14:48:47,767 [INFO] httpx: HTTP Request: POST https://api.telegram.org/bot8671153150:AAG_KgzQBkThl_-1ZWwXcJj7e1EBfPci634/getUpdates "HTTP/1.1 200 OK"
2026-03-27 14:48:58,015 [INFO] httpx: HTTP Request: POST https://api.telegram.org/bot8671153150:AAG_KgzQBkThl_-1ZWwXcJj7e1EBfPci634/getUpdates "HTTP/1.1 200 OK"
2026-03-27 14:49:08,265 [INFO] httpx: HTTP Request: POST https://api.telegram.org/bot8671153150:AAG_KgzQBkThl_-1ZWwXcJj7e1EBfPci634/getUpdates "HTTP/1.1 200 OK"
2026-03-27 14:49:18,514 [INFO] httpx: HTTP Request: POST https://api.telegram.org/bot8671153150:AAG_KgzQBkThl_-1ZWwXcJj7e1EBfPci634/getUpdates "HTTP/1.1 200 OK"
2026-03-27 14:49:28,761 [INFO] httpx: HTTP Request: POST https://api.telegram.org/bot8671153150:AAG_KgzQBkThl_-1ZWwXcJj7e1EBfPci634/getUpdates "HTTP/1.1 200 OK"
2026-03-27 14:49:39,009 [INFO] httpx: HTTP Request: POST https://api.telegram.org/bot8671153150:AAG_KgzQBkThl_-1ZWwXcJj7e1EBfPci634/getUpdates "HTTP/1.1 200 OK"
2026-03-27 14:49:49,257 [INFO] httpx: HTTP Request: POST https://api.telegram.org/bot8671153150:AAG_KgzQBkThl_-1ZWwXcJj7e1EBfPci634/getUpdates "HTTP/1.1 200 OK"
2026-03-27 14:49:59,504 [INFO] httpx: HTTP Request: POST https://api.telegram.org/bot8671153150:AAG_KgzQBkThl_-1ZWwXcJj7e1EBfPci634/getUpdates "HTTP/1.1 200 OK"
2026-03-27 14:50:09,752 [INFO] httpx: HTTP Request: POST https://api.telegram.org/bot8671153150:AAG_KgzQBkThl_-1ZWwXcJj7e1EBfPci634/getUpdates "HTTP/1.1 200 OK"
2026-03-27 14:50:20,002 [INFO] httpx: HTTP Request: POST https://api.telegram.org/bot8671153150:AAG_KgzQBkThl_-1ZWwXcJj7e1EBfPci634/getUpdates "HTTP/1.1 200 OK"
2026-03-27 14:50:30,251 [INFO] httpx: HTTP Request: POST https://api.telegram.org/bot8671153150:AAG_KgzQBkThl_-1ZWwXcJj7e1EBfPci634/getUpdates "HTTP/1.1 200 OK"
2026-03-27 14:50:40,498 [INFO] httpx: HTTP Request: POST https://api.telegram.org/bot8671153150:AAG_KgzQBkThl_-1ZWwXcJj7e1EBfPci634/getUpdates "HTTP/1.1 200 OK"
2026-03-27 14:50:50,746 [INFO] httpx: HTTP Request: POST https://api.telegram.org/bot8671153150:AAG_KgzQBkThl_-1ZWwXcJj7e1EBfPci634/getUpdates "HTTP/1.1 200 OK"
2026-03-27 14:51:00,993 [INFO] httpx: HTTP Request: POST https://api.telegram.org/bot8671153150:AAG_KgzQBkThl_-1ZWwXcJj7e1EBfPci634/getUpdates "HTTP/1.1 200 OK"
2026-03-27 14:51:11,241 [INFO] httpx: HTTP Request: POST https://api.telegram.org/bot8671153150:AAG_KgzQBkThl_-1ZWwXcJj7e1EBfPci634/getUpdates "HTTP/1.1 200 OK"
2026-03-27 14:51:21,488 [INFO] httpx: HTTP Request: POST https://api.telegram.org/bot8671153150:AAG_KgzQBkThl_-1ZWwXcJj7e1EBfPci634/getUpdates "HTTP/1.1 200 OK"
2026-03-27 14:51:31,736 [INFO] httpx: HTTP Request: POST https://api.telegram.org/bot8671153150:AAG_KgzQBkThl_-1ZWwXcJj7e1EBfPci634/getUpdates "HTTP/1.1 200 OK"
2026-03-27 14:51:41,986 [INFO] httpx: HTTP Request: POST https://api.telegram.org/bot8671153150:AAG_KgzQBkThl_-1ZWwXcJj7e1EBfPci634/getUpdates "HTTP/1.1 200 OK"
2026-03-27 14:51:52,232 [INFO] httpx: HTTP Request: POST https://api.telegram.org/bot8671153150:AAG_KgzQBkThl_-1ZWwXcJj7e1EBfPci634/getUpdates "HTTP/1.1 200 OK"
2026-03-27 14:52:02,478 [INFO] httpx: HTTP Request: POST https://api.telegram.org/bot8671153150:AAG_KgzQBkThl_-1ZWwXcJj7e1EBfPci634/getUpdates "HTTP/1.1 200 OK"
2026-03-27 14:52:12,726 [INFO] httpx: HTTP Request: POST https://api.telegram.org/bot8671153150:AAG_KgzQBkThl_-1ZWwXcJj7e1EBfPci634/getUpdates "HTTP/1.1 200 OK"
2026-03-27 14:52:22,972 [INFO] httpx: HTTP Request: POST https://api.telegram.org/bot8671153150:AAG_KgzQBkThl_-1ZWwXcJj7e1EBfPci634/getUpdates "HTTP/1.1 200 OK"
2026-03-27 14:52:33,221 [INFO] httpx: HTTP Request: POST https://api.telegram.org/bot8671153150:AAG_KgzQBkThl_-1ZWwXcJj7e1EBfPci634/getUpdates "HTTP/1.1 200 OK"
2026-03-27 14:52:43,473 [INFO] httpx: HTTP Request: POST https://api.telegram.org/bot8671153150:AAG_KgzQBkThl_-1ZWwXcJj7e1EBfPci634/getUpdates "HTTP/1.1 200 OK"
2026-03-27 14:52:53,722 [INFO] httpx: HTTP Request: POST https://api.telegram.org/bot8671153150:AAG_KgzQBkThl_-1ZWwXcJj7e1EBfPci634/getUpdates "HTTP/1.1 200 OK"
2026-03-27 14:53:03,974 [INFO] httpx: HTTP Request: POST https://api.telegram.org/bot8671153150:AAG_KgzQBkThl_-1ZWwXcJj7e1EBfPci634/getUpdates "HTTP/1.1 200 OK"
2026-03-27 14:53:14,222 [INFO] httpx: HTTP Request: POST https://api.telegram.org/bot8671153150:AAG_KgzQBkThl_-1ZWwXcJj7e1EBfPci634/getUpdates "HTTP/1.1 200 OK"
2026-03-27 14:53:24,472 [INFO] httpx: HTTP Request: POST https://api.telegram.org/bot8671153150:AAG_KgzQBkThl_-1ZWwXcJj7e1EBfPci634/getUpdates "HTTP/1.1 200 OK"
2026-03-27 14:53:34,721 [INFO] httpx: HTTP Request: POST https://api.telegram.org/bot8671153150:AAG_KgzQBkThl_-1ZWwXcJj7e1EBfPci634/getUpdates "HTTP/1.1 200 OK"
2026-03-27 14:53:44,971 [INFO] httpx: HTTP Request: POST https://api.telegram.org/bot8671153150:AAG_KgzQBkThl_-1ZWwXcJj7e1EBfPci634/getUpdates "HTTP/1.1 200 OK"
